Ansys Lumerical 2022 R1.4 Eigenmode Expansion Solver Version 7.19.3044 (Linux 64bit)
 expires (month/day/year): 5/2/2023
using config file: Ansys Licensing set with ANSYSLMD_LICENSE_FILE
license host: 1055@10.75.13.24
current time: qui jul 14 17:56:59 2022
Running on host: fotonica04-To-be-filled-by-O-E-M
Running lms file: /opt/lumerical/v221/bin/eme-engine -t 4 -remote -shared-solve-license QU5TWVNDTF9DT05URVhUX0RBVEE9PEFOU1lTQ0xfQ09OVEVYVF9EQVRBPjxJRD5mZTc1MzBjZS1jODQxLTQ0NDktYWJmYi04ODczOGYwODY5ZDE8L0lEPjxUWVBFPkFQUF9ERUZJTkVEPC9UWVBFPjxOQU1FPmx1bV9zdGFuZGFyZF9zb2x2ZV9zaGFyZTwvTkFNRT48SEFORExFUj41MDU0N0Bmb3RvbmljYTA0LVRvLWJlLWZpbGxlZC1ieS1PLUUtTTwvSEFORExFUj48L0FOU1lTQ0xfQ09OVEVYVF9EQVRBPgpBTlNZU19DT05URVhUX0lEPWZlNzUzMGNlLWM4NDEtNDQ0OS1hYmZiLTg4NzM4ZjA4NjlkMQpBTlNZU19DT05URVhUX1NFUlZFUj01MDU0N0Bmb3RvbmljYTA0LVRvLWJlLWZpbGxlZC1ieS1PLUUtTQo= /home/fotonica04/Documentos/GitHub/MMI-photonics/MMI_sweep1.lms
Running MODE Simulation
Starting meshing
Simulation size in gridpoints: 1 x 679 x 98
Refined 0 mesh cells (0%)
Completed meshing!
Meshing complete in 0.010432 seconds of CPU time
Starting meshing
Simulation size in gridpoints: 1 x 679 x 98
Refined 0 mesh cells (0%)
Completed meshing!
Meshing complete in 0.00969 seconds of CPU time
Starting meshing
Simulation size in gridpoints: 1 x 679 x 98
Refined 0 mesh cells (0%)
Completed meshing!
Meshing complete in 0.008349 seconds of CPU time
Starting meshing
Simulation size in gridpoints: 1 x 679 x 98
Refined 0 mesh cells (0%)
Completed meshing!
Meshing complete in 0.020733 seconds of CPU time
Starting meshing
Simulation size in gridpoints: 1 x 679 x 98
Refined 0 mesh cells (0%)
Completed meshing!
Meshing complete in 0.020101 seconds of CPU time
Starting meshing
Simulation size in gridpoints: 1 x 679 x 98
Refined 0 mesh cells (0%)
Completed meshing!
Meshing complete in 0.019611 seconds of CPU time
Starting meshing
Simulation size in gridpoints: 1 x 679 x 98
Refined 0 mesh cells (0%)
Completed meshing!
Meshing complete in 0.021791 seconds of CPU time
Starting meshing
Simulation size in gridpoints: 1 x 679 x 98
Refined 0 mesh cells (0%)
Completed meshing!
Meshing complete in 0.020104 seconds of CPU time
Starting meshing
Simulation size in gridpoints: 1 x 679 x 98
Refined 0 mesh cells (0%)
Completed meshing!
Meshing complete in 0.019766 seconds of CPU time
Starting meshing
Simulation size in gridpoints: 1 x 679 x 98
Refined 0 mesh cells (0%)
Completed meshing!
Meshing complete in 0.021436 seconds of CPU time
Starting meshing
Simulation size in gridpoints: 1 x 679 x 98
Refined 0 mesh cells (0%)
Completed meshing!
Meshing complete in 0.019978 seconds of CPU time
Starting meshing
Simulation size in gridpoints: 1 x 679 x 98
Refined 0 mesh cells (0%)
Completed meshing!
Meshing complete in 0.020015 seconds of CPU time
Starting meshing
Simulation size in gridpoints: 1 x 679 x 98
Refined 0 mesh cells (0%)
Completed meshing!
Meshing complete in 0.028309 seconds of CPU time
Starting meshing
Simulation size in gridpoints: 1 x 679 x 98
Refined 0 mesh cells (0%)
Completed meshing!
Meshing complete in 0.026144 seconds of CPU time
Starting meshing
Simulation size in gridpoints: 1 x 679 x 98
Refined 0 mesh cells (0%)
Completed meshing!
Meshing complete in 0.025605 seconds of CPU time
Starting meshing
Simulation size in gridpoints: 1 x 679 x 98
Refined 0 mesh cells (0%)
Completed meshing!
Meshing complete in 0.027293 seconds of CPU time
Starting meshing
Simulation size in gridpoints: 1 x 679 x 98
Refined 0 mesh cells (0%)
Completed meshing!
Meshing complete in 0.025 seconds of CPU time
Starting meshing
Simulation size in gridpoints: 1 x 679 x 98
Refined 0 mesh cells (0%)
Completed meshing!
Meshing complete in 0.023364 seconds of CPU time
Starting meshing
Simulation size in gridpoints: 1 x 679 x 98
Refined 0 mesh cells (0%)
Completed meshing!
Meshing complete in 0.027825 seconds of CPU time
Starting meshing
Simulation size in gridpoints: 1 x 679 x 98
Refined 0 mesh cells (0%)
Completed meshing!
Meshing complete in 0.026004 seconds of CPU time
Starting meshing
Simulation size in gridpoints: 1 x 679 x 98
Refined 0 mesh cells (0%)
Completed meshing!
Meshing complete in 0.025186 seconds of CPU time
Starting meshing
Simulation size in gridpoints: 1 x 679 x 98
Refined 0 mesh cells (0%)
Completed meshing!
Meshing complete in 0.026048 seconds of CPU time
Starting meshing
Simulation size in gridpoints: 1 x 679 x 98
Refined 0 mesh cells (0%)
Completed meshing!
Meshing complete in 0.026245 seconds of CPU time
Starting meshing
Simulation size in gridpoints: 1 x 679 x 98
Refined 0 mesh cells (0%)
Completed meshing!
Meshing complete in 0.023304 seconds of CPU time
Starting meshing
Simulation size in gridpoints: 1 x 679 x 98
Refined 0 mesh cells (0%)
Completed meshing!
Meshing complete in 0.026858 seconds of CPU time
Starting meshing
Simulation size in gridpoints: 1 x 679 x 98
Refined 0 mesh cells (0%)
Completed meshing!
Meshing complete in 0.025604 seconds of CPU time
Starting meshing
Simulation size in gridpoints: 1 x 679 x 98
Refined 0 mesh cells (0%)
Completed meshing!
Meshing complete in 0.02674 seconds of CPU time
Starting meshing
Simulation size in gridpoints: 1 x 679 x 98
Refined 0 mesh cells (0%)
Completed meshing!
Meshing complete in 0.029911 seconds of CPU time
Starting meshing
Simulation size in gridpoints: 1 x 679 x 98
Refined 0 mesh cells (0%)
Completed meshing!
Meshing complete in 0.029349 seconds of CPU time
Starting meshing
Simulation size in gridpoints: 1 x 679 x 98
Refined 0 mesh cells (0%)
Completed meshing!
Meshing complete in 0.026597 seconds of CPU time
Starting meshing
Simulation size in gridpoints: 1 x 679 x 98
Refined 0 mesh cells (0%)
Completed meshing!
Meshing complete in 0.026978 seconds of CPU time
Starting meshing
Simulation size in gridpoints: 1 x 679 x 98
Refined 0 mesh cells (0%)
Completed meshing!
Meshing complete in 0.024058 seconds of CPU time
Starting meshing
Simulation size in gridpoints: 1 x 679 x 98
Refined 0 mesh cells (0%)
Completed meshing!
Meshing complete in 0.027756 seconds of CPU time
Starting meshing
Simulation size in gridpoints: 1 x 679 x 98
Refined 0 mesh cells (0%)
Completed meshing!
Meshing complete in 0.026681 seconds of CPU time
Starting meshing
Simulation size in gridpoints: 1 x 679 x 98
Refined 0 mesh cells (0%)
Completed meshing!
Meshing complete in 0.029075 seconds of CPU time
Starting meshing
Simulation size in gridpoints: 1 x 679 x 98
Refined 0 mesh cells (0%)
Completed meshing!
Meshing complete in 0.023801 seconds of CPU time
Starting meshing
Simulation size in gridpoints: 1 x 679 x 98
Refined 0 mesh cells (0%)
Completed meshing!
Meshing complete in 0.027838 seconds of CPU time
Starting meshing
Simulation size in gridpoints: 1 x 679 x 98
Refined 0 mesh cells (0%)
Completed meshing!
Meshing complete in 0.026635 seconds of CPU time
Starting meshing
Simulation size in gridpoints: 1 x 679 x 98
Refined 0 mesh cells (0%)
Completed meshing!
Meshing complete in 0.02705 seconds of CPU time
Starting meshing
Simulation size in gridpoints: 1 x 679 x 98
Refined 0 mesh cells (0%)
Completed meshing!
Meshing complete in 0.034199 seconds of CPU time
Starting meshing
Simulation size in gridpoints: 1 x 679 x 98
Refined 0 mesh cells (0%)
Completed meshing!
Meshing complete in 0.028264 seconds of CPU time
Starting meshing
Simulation size in gridpoints: 1 x 679 x 98
Refined 0 mesh cells (0%)
Completed meshing!
Meshing complete in 0.026053 seconds of CPU time
Starting meshing
Simulation size in gridpoints: 1 x 679 x 98
Refined 0 mesh cells (0%)
Completed meshing!
Meshing complete in 0.029669 seconds of CPU time
Starting meshing
Simulation size in gridpoints: 1 x 679 x 98
Refined 0 mesh cells (0%)
Completed meshing!
Meshing complete in 0.035263 seconds of CPU time
Starting meshing
Simulation size in gridpoints: 1 x 679 x 98
Refined 0 mesh cells (0%)
Completed meshing!
Meshing complete in 0.023737 seconds of CPU time
Starting meshing
Simulation size in gridpoints: 1 x 679 x 98
Refined 0 mesh cells (0%)
Completed meshing!
Meshing complete in 0.026865 seconds of CPU time
Starting meshing
Simulation size in gridpoints: 1 x 679 x 98
Refined 0 mesh cells (0%)
Completed meshing!
Meshing complete in 0.028855 seconds of CPU time
Starting meshing
Simulation size in gridpoints: 1 x 679 x 98
Refined 0 mesh cells (0%)
Completed meshing!
Meshing complete in 0.023301 seconds of CPU time
Starting meshing
Simulation size in gridpoints: 1 x 679 x 98
Refined 0 mesh cells (0%)
Completed meshing!
Meshing complete in 0.061505 seconds of CPU time
Starting meshing
Simulation size in gridpoints: 1 x 679 x 98
Refined 0 mesh cells (0%)
Completed meshing!
Meshing complete in 0.037352 seconds of CPU time
Starting meshing
Simulation size in gridpoints: 1 x 679 x 98
Refined 0 mesh cells (0%)
Completed meshing!
Meshing complete in 0.035781 seconds of CPU time
Starting meshing
Simulation size in gridpoints: 1 x 679 x 98
Refined 0 mesh cells (0%)
Completed meshing!
Meshing complete in 0.027734 seconds of CPU time
Starting meshing
Simulation size in gridpoints: 1 x 679 x 98
Refined 0 mesh cells (0%)
Completed meshing!
Meshing complete in 0.028469 seconds of CPU time
Starting meshing
Simulation size in gridpoints: 1 x 679 x 98
Refined 0 mesh cells (0%)
Completed meshing!
Meshing complete in 0.02448 seconds of CPU time
Starting meshing
Simulation size in gridpoints: 1 x 679 x 98
Refined 0 mesh cells (0%)
Completed meshing!
Meshing complete in 0.028232 seconds of CPU time
Starting meshing
Simulation size in gridpoints: 1 x 679 x 98
Refined 0 mesh cells (0%)
Completed meshing!
Meshing complete in 0.025363 seconds of CPU time
Starting meshing
Simulation size in gridpoints: 1 x 679 x 98
Refined 0 mesh cells (0%)
Completed meshing!
Meshing complete in 0.025022 seconds of CPU time
Starting meshing
Simulation size in gridpoints: 1 x 679 x 98
Refined 0 mesh cells (0%)
Completed meshing!
Meshing complete in 0.029793 seconds of CPU time
Starting meshing
Simulation size in gridpoints: 1 x 679 x 98
Refined 0 mesh cells (0%)
Completed meshing!
Meshing complete in 0.02589 seconds of CPU time
Starting meshing
Simulation size in gridpoints: 1 x 679 x 98
Refined 0 mesh cells (0%)
Completed meshing!
Meshing complete in 0.024624 seconds of CPU time
Starting meshing
Simulation size in gridpoints: 1 x 679 x 98
Refined 0 mesh cells (0%)
Completed meshing!
Meshing complete in 0.029067 seconds of CPU time
Starting meshing
Simulation size in gridpoints: 1 x 679 x 98
Refined 0 mesh cells (0%)
Completed meshing!
Meshing complete in 0.028709 seconds of CPU time
Starting meshing
Simulation size in gridpoints: 1 x 679 x 98
Refined 0 mesh cells (0%)
Completed meshing!
Meshing complete in 0.029428 seconds of CPU time
Starting meshing
Simulation size in gridpoints: 1 x 679 x 98
Refined 0 mesh cells (0%)
Completed meshing!
Meshing complete in 0.016059 seconds of CPU time
Starting meshing
Simulation size in gridpoints: 1 x 679 x 98
Refined 0 mesh cells (0%)
Completed meshing!
Meshing complete in 0.014782 seconds of CPU time
Starting meshing
Simulation size in gridpoints: 1 x 679 x 98
Refined 0 mesh cells (0%)
Completed meshing!
Meshing complete in 0.013541 seconds of CPU time
Starting meshing
Simulation size in gridpoints: 1 x 679 x 98
Refined 0 mesh cells (0%)
Completed meshing!
Meshing complete in 0.041885 seconds of CPU time
Starting meshing
Simulation size in gridpoints: 1 x 679 x 98
Refined 0 mesh cells (0%)
Completed meshing!
Meshing complete in 0.047027 seconds of CPU time
Starting meshing
Simulation size in gridpoints: 1 x 679 x 98
Refined 0 mesh cells (0%)
Completed meshing!
Meshing complete in 0.041708 seconds of CPU time
Starting meshing
Simulation size in gridpoints: 1 x 679 x 98
Refined 0 mesh cells (0%)
Completed meshing!
Meshing complete in 0.038469 seconds of CPU time
Starting meshing
Simulation size in gridpoints: 1 x 679 x 98
Refined 0 mesh cells (0%)
Completed meshing!
Meshing complete in 0.040831 seconds of CPU time
Starting meshing
Simulation size in gridpoints: 1 x 679 x 98
Refined 0 mesh cells (0%)
Completed meshing!
Meshing complete in 0.037265 seconds of CPU time
Starting meshing
Simulation size in gridpoints: 1 x 679 x 98
Refined 0 mesh cells (0%)
Completed meshing!
Meshing complete in 0.03914 seconds of CPU time
Starting meshing
Simulation size in gridpoints: 1 x 679 x 98
Refined 0 mesh cells (0%)
Completed meshing!
Meshing complete in 0.04257 seconds of CPU time
Starting meshing
Simulation size in gridpoints: 1 x 679 x 98
Refined 0 mesh cells (0%)
Completed meshing!
Meshing complete in 0.033416 seconds of CPU time
Starting meshing
Simulation size in gridpoints: 1 x 679 x 98
Refined 0 mesh cells (0%)
Completed meshing!
Meshing complete in 0.039658 seconds of CPU time
Starting meshing
Simulation size in gridpoints: 1 x 679 x 98
Refined 0 mesh cells (0%)
Completed meshing!
Meshing complete in 0.041097 seconds of CPU time
Starting meshing
Simulation size in gridpoints: 1 x 679 x 98
Refined 0 mesh cells (0%)
Completed meshing!
Meshing complete in 0.034605 seconds of CPU time
Starting meshing
Simulation size in gridpoints: 1 x 679 x 98
Refined 0 mesh cells (0%)
Completed meshing!
Meshing complete in 0.040337 seconds of CPU time
Starting meshing
Simulation size in gridpoints: 1 x 679 x 98
Refined 0 mesh cells (0%)
Completed meshing!
Meshing complete in 0.039432 seconds of CPU time
Starting meshing
Simulation size in gridpoints: 1 x 679 x 98
Refined 0 mesh cells (0%)
Completed meshing!
Meshing complete in 0.035467 seconds of CPU time
Starting meshing
Simulation size in gridpoints: 1 x 679 x 98
Refined 0 mesh cells (0%)
Completed meshing!
Meshing complete in 0.037735 seconds of CPU time
Starting meshing
Simulation size in gridpoints: 1 x 679 x 98
Refined 0 mesh cells (0%)
Completed meshing!
Meshing complete in 0.039711 seconds of CPU time
Starting meshing
Simulation size in gridpoints: 1 x 679 x 98
Refined 0 mesh cells (0%)
Completed meshing!
Meshing complete in 0.033493 seconds of CPU time
Starting meshing
Simulation size in gridpoints: 1 x 679 x 98
Refined 0 mesh cells (0%)
Completed meshing!
Meshing complete in 0.040152 seconds of CPU time
Starting meshing
Simulation size in gridpoints: 1 x 679 x 98
Refined 0 mesh cells (0%)
Completed meshing!
Meshing complete in 0.041477 seconds of CPU time
Starting meshing
Simulation size in gridpoints: 1 x 679 x 98
Refined 0 mesh cells (0%)
Completed meshing!
Meshing complete in 0.035372 seconds of CPU time
